# JRE version: OpenJDK Runtime Environment (21.0.5) (build 21.0.5+-12932927-b750.29)
# Java VM: OpenJDK 64-Bit Server VM (21.0.5+-12932927-b750.29, mixed mode, tiered, compressed oops, compressed class ptrs, g1 gc, windows-amd64)
GC Precious Log:
 CardTable entry size: 512
 Card Set container configuration: InlinePtr #cards 5 size 8 Array Of Cards #cards 12 size 40 Howl #buckets 4 coarsen threshold 1843 Howl Bitmap #cards 512 size 80 coarsen threshold 460 Card regions per heap region 1 cards per card region 2048
 CPUs: 12 total, 12 available
 Memory: 16108M
 Large Page Support: Disabled
 NUMA Support: Disabled
 Compressed Oops: Enabled (32-bit)
 Heap Region Size: 1M
 Heap Min Capacity: 8M
 Heap Initial Capacity: 252M
 Heap Max Capacity: 2G
 Pre-touch: Disabled
 Parallel Workers: 10
 Concurrent Workers: 3
 Concurrent Refinement Workers: 10
 Periodic GC: Disabled
Heap:
 garbage-first heap   total 445440K, used 284862K [0x0000000080000000, 0x0000000100000000)
  region size 1024K, 16 young (16384K), 5 survivors (5120K)
 Metaspace       used 153383K, committed 155904K, reserved 1245184K
  class space    used 20294K, committed 21568K, reserved 1048576K
GC Heap History (20 events):
Event: 99.117 GC heap before
{Heap before GC invocations=59 (full 0):
 garbage-first heap   total 288768K, used 266191K [0x0000000080000000, 0x0000000100000000)
  region size 1024K, 80 young (81920K), 9 survivors (9216K)
 Metaspace       used 142362K, committed 144832K, reserved 1179648K
  class space    used 18647K, committed 19904K, reserved 1048576K
}
Event: 99.122 GC heap after
{Heap after GC invocations=60 (full 0):
 garbage-first heap   total 288768K, used 176936K [0x0000000080000000, 0x0000000100000000)
  region size 1024K, 6 young (6144K), 6 survivors (6144K)
 Metaspace       used 142362K, committed 144832K, reserved 1179648K
  class space    used 18647K, committed 19904K, reserved 1048576K
}
Event: 99.214 GC heap before
{Heap before GC invocations=60 (full 0):
 garbage-first heap   total 288768K, used 184104K [0x0000000080000000, 0x0000000100000000)
  region size 1024K, 15 young (15360K), 6 survivors (6144K)
 Metaspace       used 143457K, committed 145920K, reserved 1179648K
  class space    used 18787K, committed 20032K, reserved 1048576K
}
Event: 99.216 GC heap after
{Heap after GC invocations=61 (full 0):
 garbage-first heap   total 288768K, used 176936K [0x0000000080000000, 0x0000000100000000)
  region size 1024K, 6 young (6144K), 6 survivors (6144K)
 Metaspace       used 143457K, committed 145920K, reserved 1179648K
  class space    used 18787K, committed 20032K, reserved 1048576K
}
Event: 99.563 GC heap before
{Heap before GC invocations=62 (full 0):
 garbage-first heap   total 290816K, used 286504K [0x0000000080000000, 0x0000000100000000)
  region size 1024K, 85 young (87040K), 6 survivors (6144K)
 Metaspace       used 144618K, committed 147072K, reserved 1179648K
  class space    used 18975K, committed 20224K, reserved 1048576K
}
Event: 99.574 GC heap after
{Heap after GC invocations=63 (full 0):
 garbage-first heap   total 319488K, used 210848K [0x0000000080000000, 0x0000000100000000)
  region size 1024K, 11 young (11264K), 11 survivors (11264K)
 Metaspace       used 144618K, committed 147072K, reserved 1179648K
  class space    used 18975K, committed 20224K, reserved 1048576K
}
Event: 99.729 GC heap before
{Heap before GC invocations=63 (full 0):
 garbage-first heap   total 319488K, used 280480K [0x0000000080000000, 0x0000000100000000)
  region size 1024K, 80 young (81920K), 11 survivors (11264K)
 Metaspace       used 146754K, committed 149184K, reserved 1179648K
  class space    used 19447K, committed 20672K, reserved 1048576K
}
Event: 99.736 GC heap after
{Heap after GC invocations=64 (full 0):
 garbage-first heap   total 384000K, used 196993K [0x0000000080000000, 0x0000000100000000)
  region size 1024K, 6 young (6144K), 6 survivors (6144K)
 Metaspace       used 146754K, committed 149184K, reserved 1179648K
  class space    used 19447K, committed 20672K, reserved 1048576K
}
Event: 100.102 GC heap before
{Heap before GC invocations=64 (full 0):
 garbage-first heap   total 384000K, used 339329K [0x0000000080000000, 0x0000000100000000)
  region size 1024K, 146 young (149504K), 6 survivors (6144K)
 Metaspace       used 148625K, committed 151104K, reserved 1179648K
  class space    used 19682K, committed 20928K, reserved 1048576K
}
Event: 100.118 GC heap after
{Heap after GC invocations=65 (full 0):
 garbage-first heap   total 400384K, used 250880K [0x0000000080000000, 0x0000000100000000)
  region size 1024K, 19 young (19456K), 19 survivors (19456K)
 Metaspace       used 148625K, committed 151104K, reserved 1179648K
  class space    used 19682K, committed 20928K, reserved 1048576K
}
Event: 100.562 GC heap before
{Heap before GC invocations=66 (full 0):
 garbage-first heap   total 400384K, used 320512K [0x0000000080000000, 0x0000000100000000)
  region size 1024K, 101 young (103424K), 19 survivors (19456K)
 Metaspace       used 152008K, committed 154432K, reserved 1245184K
  class space    used 20152K, committed 21376K, reserved 1048576K
}
Event: 100.572 GC heap after
{Heap after GC invocations=67 (full 0):
 garbage-first heap   total 400384K, used 245045K [0x0000000080000000, 0x0000000100000000)
  region size 1024K, 9 young (9216K), 9 survivors (9216K)
 Metaspace       used 152008K, committed 154432K, reserved 1245184K
  class space    used 20152K, committed 21376K, reserved 1048576K
}
Event: 101.140 GC heap before
{Heap before GC invocations=67 (full 0):
 garbage-first heap   total 400384K, used 351541K [0x0000000080000000, 0x0000000100000000)
  region size 1024K, 98 young (100352K), 9 survivors (9216K)
 Metaspace       used 152644K, committed 155072K, reserved 1245184K
  class space    used 20222K, committed 21440K, reserved 1048576K
}
Event: 101.148 GC heap after
{Heap after GC invocations=68 (full 0):
 garbage-first heap   total 400384K, used 259748K [0x0000000080000000, 0x0000000100000000)
  region size 1024K, 6 young (6144K), 6 survivors (6144K)
 Metaspace       used 152644K, committed 155072K, reserved 1245184K
  class space    used 20222K, committed 21440K, reserved 1048576K
}
Event: 101.216 GC heap before
{Heap before GC invocations=68 (full 0):
 garbage-first heap   total 400384K, used 268964K [0x0000000080000000, 0x0000000100000000)
  region size 1024K, 17 young (17408K), 6 survivors (6144K)
 Metaspace       used 152790K, committed 155264K, reserved 1245184K
  class space    used 20231K, committed 21504K, reserved 1048576K
}
Event: 101.220 GC heap after
{Heap after GC invocations=69 (full 0):
 garbage-first heap   total 400384K, used 262500K [0x0000000080000000, 0x0000000100000000)
  region size 1024K, 9 young (9216K), 9 survivors (9216K)
 Metaspace       used 152790K, committed 155264K, reserved 1245184K
  class space    used 20231K, committed 21504K, reserved 1048576K
}
Event: 101.564 GC heap before
{Heap before GC invocations=70 (full 0):
 garbage-first heap   total 445440K, used 375140K [0x0000000080000000, 0x0000000100000000)
  region size 1024K, 99 young (101376K), 9 survivors (9216K)
 Metaspace       used 152991K, committed 155456K, reserved 1245184K
  class space    used 20250K, committed 21504K, reserved 1048576K
}
Event: 101.572 GC heap after
{Heap after GC invocations=71 (full 0):
 garbage-first heap   total 445440K, used 296051K [0x0000000080000000, 0x0000000100000000)
  region size 1024K, 13 young (13312K), 13 survivors (13312K)
 Metaspace       used 152991K, committed 155456K, reserved 1245184K
  class space    used 20250K, committed 21504K, reserved 1048576K
}
Event: 298.210 GC heap before
{Heap before GC invocations=71 (full 0):
 garbage-first heap   total 445440K, used 413811K [0x0000000080000000, 0x0000000100000000)
  region size 1024K, 108 young (110592K), 13 survivors (13312K)
 Metaspace       used 153375K, committed 155840K, reserved 1245184K
  class space    used 20294K, committed 21568K, reserved 1048576K
}
Event: 298.218 GC heap after
{Heap after GC invocations=72 (full 0):
 garbage-first heap   total 445440K, used 274622K [0x0000000080000000, 0x0000000100000000)
  region size 1024K, 5 young (5120K), 5 survivors (5120K)
 Metaspace       used 153375K, committed 155840K, reserved 1245184K
  class space    used 20294K, committed 21568K, reserved 1048576K
}

