# JRE version: OpenJDK Runtime Environment (21.0.5) (build 21.0.5+-12932927-b750.29)
# Java VM: OpenJDK 64-Bit Server VM (21.0.5+-12932927-b750.29, mixed mode, tiered, compressed oops, compressed class ptrs, g1 gc, windows-amd64)
GC Precious Log:
 CardTable entry size: 512
 Card Set container configuration: InlinePtr #cards 4 size 8 Array Of Cards #cards 16 size 48 Howl #buckets 8 coarsen threshold 3686 Howl Bitmap #cards 512 size 80 coarsen threshold 460 Card regions per heap region 1 cards per card region 4096
 CPUs: 12 total, 12 available
 Memory: 16108M
 Large Page Support: Disabled
 NUMA Support: Disabled
 Compressed Oops: Enabled (Zero based)
 Heap Region Size: 2M
 Heap Min Capacity: 8M
 Heap Initial Capacity: 252M
 Heap Max Capacity: 4028M
 Pre-touch: Disabled
 Parallel Workers: 10
 Concurrent Workers: 3
 Concurrent Refinement Workers: 10
 Periodic GC: Disabled
Heap:
 garbage-first heap   total 153600K, used 69632K [0x0000000704400000, 0x0000000800000000)
  region size 2048K, 4 young (8192K), 4 survivors (8192K)
 Metaspace       used 64116K, committed 64384K, reserved 1114112K
  class space    used 7048K, committed 7168K, reserved 1048576K
GC Heap History (20 events):
Event: 0.300 GC heap after
{Heap after GC invocations=1 (full 0):
 garbage-first heap   total 258048K, used 7154K [0x0000000704400000, 0x0000000800000000)
  region size 2048K, 2 young (4096K), 2 survivors (4096K)
 Metaspace       used 13581K, committed 13696K, reserved 1114112K
  class space    used 1270K, committed 1344K, reserved 1048576K
}
Event: 0.505 GC heap before
{Heap before GC invocations=1 (full 0):
 garbage-first heap   total 258048K, used 31730K [0x0000000704400000, 0x0000000800000000)
  region size 2048K, 15 young (30720K), 2 survivors (4096K)
 Metaspace       used 21300K, committed 21504K, reserved 1114112K
  class space    used 2161K, committed 2240K, reserved 1048576K
}
Event: 0.508 GC heap after
{Heap after GC invocations=2 (full 0):
 garbage-first heap   total 258048K, used 8443K [0x0000000704400000, 0x0000000800000000)
  region size 2048K, 3 young (6144K), 3 survivors (6144K)
 Metaspace       used 21300K, committed 21504K, reserved 1114112K
  class space    used 2161K, committed 2240K, reserved 1048576K
}
Event: 0.719 GC heap before
{Heap before GC invocations=3 (full 0):
 garbage-first heap   total 34816K, used 33019K [0x0000000704400000, 0x0000000800000000)
  region size 2048K, 15 young (30720K), 3 survivors (6144K)
 Metaspace       used 26015K, committed 26240K, reserved 1114112K
  class space    used 2779K, committed 2880K, reserved 1048576K
}
Event: 0.724 GC heap after
{Heap after GC invocations=4 (full 0):
 garbage-first heap   total 47104K, used 14628K [0x0000000704400000, 0x0000000800000000)
  region size 2048K, 6 young (12288K), 6 survivors (12288K)
 Metaspace       used 26015K, committed 26240K, reserved 1114112K
  class space    used 2779K, committed 2880K, reserved 1048576K
}
Event: 0.839 GC heap before
{Heap before GC invocations=4 (full 0):
 garbage-first heap   total 47104K, used 28964K [0x0000000704400000, 0x0000000800000000)
  region size 2048K, 13 young (26624K), 6 survivors (12288K)
 Metaspace       used 29936K, committed 30144K, reserved 1114112K
  class space    used 3237K, committed 3328K, reserved 1048576K
}
Event: 0.844 GC heap after
{Heap after GC invocations=5 (full 0):
 garbage-first heap   total 47104K, used 15692K [0x0000000704400000, 0x0000000800000000)
  region size 2048K, 1 young (2048K), 1 survivors (2048K)
 Metaspace       used 29936K, committed 30144K, reserved 1114112K
  class space    used 3237K, committed 3328K, reserved 1048576K
}
Event: 1.020 GC heap before
{Heap before GC invocations=5 (full 0):
 garbage-first heap   total 47104K, used 36172K [0x0000000704400000, 0x0000000800000000)
  region size 2048K, 11 young (22528K), 1 survivors (2048K)
 Metaspace       used 35306K, committed 35584K, reserved 1114112K
  class space    used 4243K, committed 4352K, reserved 1048576K
}
Event: 1.023 GC heap after
{Heap after GC invocations=6 (full 0):
 garbage-first heap   total 47104K, used 16720K [0x0000000704400000, 0x0000000800000000)
  region size 2048K, 2 young (4096K), 2 survivors (4096K)
 Metaspace       used 35306K, committed 35584K, reserved 1114112K
  class space    used 4243K, committed 4352K, reserved 1048576K
}
Event: 1.034 GC heap before
{Heap before GC invocations=6 (full 0):
 garbage-first heap   total 47104K, used 18768K [0x0000000704400000, 0x0000000800000000)
  region size 2048K, 4 young (8192K), 2 survivors (4096K)
 Metaspace       used 35729K, committed 35968K, reserved 1114112K
  class space    used 4283K, committed 4416K, reserved 1048576K
}
Event: 1.037 GC heap after
{Heap after GC invocations=7 (full 0):
 garbage-first heap   total 47104K, used 16658K [0x0000000704400000, 0x0000000800000000)
  region size 2048K, 1 young (2048K), 1 survivors (2048K)
 Metaspace       used 35729K, committed 35968K, reserved 1114112K
  class space    used 4283K, committed 4416K, reserved 1048576K
}
Event: 1.211 GC heap before
{Heap before GC invocations=8 (full 0):
 garbage-first heap   total 47104K, used 35090K [0x0000000704400000, 0x0000000800000000)
  region size 2048K, 11 young (22528K), 1 survivors (2048K)
 Metaspace       used 41286K, committed 41472K, reserved 1114112K
  class space    used 4847K, committed 4928K, reserved 1048576K
}
Event: 1.214 GC heap after
{Heap after GC invocations=9 (full 0):
 garbage-first heap   total 153600K, used 18019K [0x0000000704400000, 0x0000000800000000)
  region size 2048K, 2 young (4096K), 2 survivors (4096K)
 Metaspace       used 41286K, committed 41472K, reserved 1114112K
  class space    used 4847K, committed 4928K, reserved 1048576K
}
Event: 1.794 GC heap before
{Heap before GC invocations=9 (full 0):
 garbage-first heap   total 153600K, used 104035K [0x0000000704400000, 0x0000000800000000)
  region size 2048K, 45 young (92160K), 2 survivors (4096K)
 Metaspace       used 51779K, committed 52096K, reserved 1114112K
  class space    used 5927K, committed 6080K, reserved 1048576K
}
Event: 1.810 GC heap after
{Heap after GC invocations=10 (full 0):
 garbage-first heap   total 153600K, used 38160K [0x0000000704400000, 0x0000000800000000)
  region size 2048K, 6 young (12288K), 6 survivors (12288K)
 Metaspace       used 51779K, committed 52096K, reserved 1114112K
  class space    used 5927K, committed 6080K, reserved 1048576K
}
Event: 2.380 GC heap before
{Heap before GC invocations=10 (full 0):
 garbage-first heap   total 153600K, used 93456K [0x0000000704400000, 0x0000000800000000)
  region size 2048K, 33 young (67584K), 6 survivors (12288K)
 Metaspace       used 56958K, committed 57344K, reserved 1114112K
  class space    used 6416K, committed 6592K, reserved 1048576K
}
Event: 2.393 GC heap after
{Heap after GC invocations=11 (full 0):
 garbage-first heap   total 153600K, used 50239K [0x0000000704400000, 0x0000000800000000)
  region size 2048K, 5 young (10240K), 5 survivors (10240K)
 Metaspace       used 56958K, committed 57344K, reserved 1114112K
  class space    used 6416K, committed 6592K, reserved 1048576K
}
Event: 2.679 GC heap before
{Heap before GC invocations=11 (full 0):
 garbage-first heap   total 153600K, used 99391K [0x0000000704400000, 0x0000000800000000)
  region size 2048K, 30 young (61440K), 5 survivors (10240K)
 Metaspace       used 59827K, committed 60160K, reserved 1114112K
  class space    used 6677K, committed 6848K, reserved 1048576K
}
Event: 2.692 GC heap after
{Heap after GC invocations=12 (full 0):
 garbage-first heap   total 153600K, used 59392K [0x0000000704400000, 0x0000000800000000)
  region size 2048K, 4 young (8192K), 4 survivors (8192K)
 Metaspace       used 59827K, committed 60160K, reserved 1114112K
  class space    used 6677K, committed 6848K, reserved 1048576K
}
Event: 3.082 GC heap before
{Heap before GC invocations=13 (full 0):
 garbage-first heap   total 153600K, used 114688K [0x0000000704400000, 0x0000000800000000)
  region size 2048K, 31 young (63488K), 4 survivors (8192K)
 Metaspace       used 64116K, committed 64384K, reserved 1114112K
  class space    used 7048K, committed 7168K, reserved 1048576K
}

